     Test Report: example_im2col     
┏━━━━━━━━━━━┳━━━━┳━━━━━━━━┳━━━━━━━━━┓
┃ iteration ┃ ID ┃ Cycles ┃ Outcome ┃
┡━━━━━━━━━━━╇━━━━╇━━━━━━━━╇━━━━━━━━━┩
│ 0         │ 0  │ 65533  │ 0       │
│ 1         │ 0  │ 86811  │ 0       │
│ 2         │ 0  │ 108194 │ 0       │
│ 3         │ 0  │ 95531  │ 0       │
│ 4         │ 0  │ 129065 │ 0       │
│ 5         │ 0  │ 162952 │ 0       │
│ 6         │ 0  │ 105494 │ 0       │
│ 7         │ 0  │ 140272 │ 0       │
│ 8         │ 0  │ 175158 │ 0       │
│ 9         │ 0  │ 70231  │ 0       │
│ 10        │ 0  │ 91509  │ 0       │
│ 11        │ 0  │ 112892 │ 0       │
│ 12        │ 0  │ 100661 │ 0       │
│ 13        │ 0  │ 134924 │ 0       │
│ 14        │ 0  │ 168811 │ 0       │
│ 15        │ 0  │ 113432 │ 0       │
│ 16        │ 0  │ 148210 │ 0       │
│ 17        │ 0  │ 189145 │ 0       │
│ 18        │ 0  │ 74929  │ 0       │
│ 19        │ 0  │ 96962  │ 0       │
│ 20        │ 0  │ 117590 │ 0       │
│ 21        │ 0  │ 107033 │ 0       │
│ 22        │ 0  │ 140783 │ 0       │
│ 23        │ 0  │ 174670 │ 0       │
│ 24        │ 0  │ 121370 │ 0       │
│ 25        │ 0  │ 156148 │ 0       │
│ 26        │ 0  │ 191035 │ 0       │
│ 27        │ 0  │ 70231  │ 0       │
│ 28        │ 0  │ 91509  │ 0       │
│ 29        │ 0  │ 112892 │ 0       │
│ 30        │ 0  │ 100661 │ 0       │
│ 31        │ 0  │ 134924 │ 0       │
│ 32        │ 0  │ 168811 │ 0       │
│ 33        │ 0  │ 113432 │ 0       │
│ 34        │ 0  │ 148210 │ 0       │
│ 35        │ 0  │ 189145 │ 0       │
│ 36        │ 0  │ 74929  │ 0       │
│ 37        │ 0  │ 96962  │ 0       │
│ 38        │ 0  │ 117590 │ 0       │
│ 39        │ 0  │ 107033 │ 0       │
│ 40        │ 0  │ 140783 │ 0       │
│ 41        │ 0  │ 174670 │ 0       │
│ 42        │ 0  │ 121370 │ 0       │
│ 43        │ 0  │ 156148 │ 0       │
│ 44        │ 0  │ 191035 │ 0       │
│ 45        │ 0  │ 79627  │ 0       │
│ 46        │ 0  │ 101309 │ 0       │
│ 47        │ 0  │ 122288 │ 0       │
│ 48        │ 0  │ 112973 │ 0       │
│ 49        │ 0  │ 146642 │ 0       │
│ 50        │ 0  │ 177506 │ 0       │
│ 51        │ 0  │ 129308 │ 0       │
│ 52        │ 0  │ 166652 │ 0       │
│ 53        │ 0  │ 203779 │ 0       │
│ 54        │ 0  │ 74929  │ 0       │
│ 55        │ 0  │ 96962  │ 0       │
│ 56        │ 0  │ 117590 │ 0       │
│ 57        │ 0  │ 107033 │ 0       │
│ 58        │ 0  │ 140783 │ 0       │
│ 59        │ 0  │ 174670 │ 0       │
│ 60        │ 0  │ 121370 │ 0       │
│ 61        │ 0  │ 156148 │ 0       │
│ 62        │ 0  │ 191035 │ 0       │
│ 63        │ 0  │ 79627  │ 0       │
│ 64        │ 0  │ 101309 │ 0       │
│ 65        │ 0  │ 122288 │ 0       │
│ 66        │ 0  │ 112973 │ 0       │
│ 67        │ 0  │ 146642 │ 0       │
│ 68        │ 0  │ 177506 │ 0       │
│ 69        │ 0  │ 129308 │ 0       │
│ 70        │ 0  │ 166652 │ 0       │
│ 71        │ 0  │ 203779 │ 0       │
│ 72        │ 0  │ 84350  │ 0       │
│ 73        │ 0  │ 105656 │ 0       │
│ 74        │ 0  │ 126986 │ 0       │
│ 75        │ 0  │ 119318 │ 0       │
│ 76        │ 0  │ 152501 │ 0       │
│ 77        │ 0  │ 183851 │ 0       │
│ 78        │ 0  │ 137811 │ 0       │
│ 79        │ 0  │ 173969 │ 0       │
│ 80        │ 0  │ 211096 │ 0       │
│ 81        │ 0  │ 70339  │ 0       │
│ 82        │ 0  │ 94316  │ 0       │
│ 83        │ 0  │ 116510 │ 0       │
│ 84        │ 0  │ 99959  │ 0       │
│ 85        │ 0  │ 135113 │ 0       │
│ 86        │ 0  │ 170620 │ 0       │
│ 87        │ 0  │ 110300 │ 0       │
│ 88        │ 0  │ 146833 │ 0       │
│ 89        │ 0  │ 189496 │ 0       │
│ 90        │ 0  │ 75361  │ 0       │
│ 91        │ 0  │ 98960  │ 0       │
│ 92        │ 0  │ 121532 │ 0       │
│ 93        │ 0  │ 105791 │ 0       │
│ 94        │ 0  │ 141269 │ 0       │
│ 95        │ 0  │ 176776 │ 0       │
│ 96        │ 0  │ 118562 │ 0       │
│ 97        │ 0  │ 155095 │ 0       │
│ 98        │ 0  │ 191737 │ 0       │
│ 99        │ 0  │ 80383  │ 0       │
│ 100       │ 0  │ 103604 │ 0       │
│ 101       │ 0  │ 126554 │ 0       │
│ 102       │ 0  │ 112487 │ 0       │
│ 103       │ 0  │ 147425 │ 0       │
│ 104       │ 0  │ 180125 │ 0       │
│ 105       │ 0  │ 126824 │ 0       │
│ 106       │ 0  │ 165977 │ 0       │
│ 107       │ 0  │ 204724 │ 0       │
│ 108       │ 0  │ 75361  │ 0       │
│ 109       │ 0  │ 98960  │ 0       │
│ 110       │ 0  │ 121532 │ 0       │
│ 111       │ 0  │ 105791 │ 0       │
│ 112       │ 0  │ 141269 │ 0       │
│ 113       │ 0  │ 176776 │ 0       │
│ 114       │ 0  │ 118562 │ 0       │
│ 115       │ 0  │ 155095 │ 0       │
│ 116       │ 0  │ 191737 │ 0       │
│ 117       │ 0  │ 80383  │ 0       │
│ 118       │ 0  │ 103604 │ 0       │
│ 119       │ 0  │ 126554 │ 0       │
│ 120       │ 0  │ 112487 │ 0       │
│ 121       │ 0  │ 147425 │ 0       │
│ 122       │ 0  │ 180125 │ 0       │
│ 123       │ 0  │ 126824 │ 0       │
│ 124       │ 0  │ 165977 │ 0       │
│ 125       │ 0  │ 204724 │ 0       │
│ 126       │ 0  │ 85405  │ 0       │
│ 127       │ 0  │ 108248 │ 0       │
│ 128       │ 0  │ 131576 │ 0       │
│ 129       │ 0  │ 118751 │ 0       │
│ 130       │ 0  │ 153581 │ 0       │
│ 131       │ 0  │ 186794 │ 0       │
│ 132       │ 0  │ 135086 │ 0       │
│ 133       │ 0  │ 173591 │ 0       │
│ 134       │ 0  │ 212338 │ 0       │
│ 135       │ 0  │ 80383  │ 0       │
│ 136       │ 0  │ 103604 │ 0       │
│ 137       │ 0  │ 126554 │ 0       │
│ 138       │ 0  │ 112487 │ 0       │
│ 139       │ 0  │ 147425 │ 0       │
│ 140       │ 0  │ 180125 │ 0       │
│ 141       │ 0  │ 126824 │ 0       │
│ 142       │ 0  │ 165977 │ 0       │
│ 143       │ 0  │ 204724 │ 0       │
│ 144       │ 0  │ 85405  │ 0       │
│ 145       │ 0  │ 108248 │ 0       │
│ 146       │ 0  │ 131576 │ 0       │
│ 147       │ 0  │ 118751 │ 0       │
│ 148       │ 0  │ 153581 │ 0       │
│ 149       │ 0  │ 186794 │ 0       │
│ 150       │ 0  │ 135086 │ 0       │
│ 151       │ 0  │ 173591 │ 0       │
│ 152       │ 0  │ 212338 │ 0       │
│ 153       │ 0  │ 89966  │ 0       │
│ 154       │ 0  │ 112892 │ 0       │
│ 155       │ 0  │ 136598 │ 0       │
│ 156       │ 0  │ 125420 │ 0       │
│ 157       │ 0  │ 159737 │ 0       │
│ 158       │ 0  │ 195247 │ 0       │
│ 159       │ 0  │ 143427 │ 0       │
│ 160       │ 0  │ 179885 │ 0       │
│ 161       │ 0  │ 219952 │ 0       │
│ 162       │ 0  │ 75145  │ 0       │
│ 163       │ 0  │ 100364 │ 0       │
│ 164       │ 0  │ 124826 │ 0       │
│ 165       │ 0  │ 95448  │ 0       │
│ 166       │ 0  │ 128550 │ 0       │
│ 167       │ 0  │ 161492 │ 0       │
│ 168       │ 0  │ 115106 │ 0       │
│ 169       │ 0  │ 153394 │ 0       │
│ 170       │ 0  │ 191791 │ 0       │
│ 171       │ 0  │ 80491  │ 0       │
│ 172       │ 0  │ 105305 │ 0       │
│ 173       │ 0  │ 130172 │ 0       │
│ 174       │ 0  │ 102441 │ 0       │
│ 175       │ 0  │ 134976 │ 0       │
│ 176       │ 0  │ 165246 │ 0       │
│ 177       │ 0  │ 123692 │ 0       │
│ 178       │ 0  │ 164708 │ 0       │
│ 179       │ 0  │ 205075 │ 0       │
│ 180       │ 0  │ 85837  │ 0       │
│ 181       │ 0  │ 110246 │ 0       │
│ 182       │ 0  │ 135518 │ 0       │
│ 183       │ 0  │ 109434 │ 0       │
│ 184       │ 0  │ 141402 │ 0       │
│ 185       │ 0  │ 172212 │ 0       │
│ 186       │ 0  │ 132278 │ 0       │
│ 187       │ 0  │ 172619 │ 0       │
│ 188       │ 0  │ 212986 │ 0       │
│ 189       │ 0  │ 80491  │ 0       │
│ 190       │ 0  │ 105305 │ 0       │
│ 191       │ 0  │ 130172 │ 0       │
│ 192       │ 0  │ 102441 │ 0       │
│ 193       │ 0  │ 134976 │ 0       │
│ 194       │ 0  │ 165246 │ 0       │
│ 195       │ 0  │ 123692 │ 0       │
│ 196       │ 0  │ 164708 │ 0       │
│ 197       │ 0  │ 205075 │ 0       │
│ 198       │ 0  │ 85837  │ 0       │
│ 199       │ 0  │ 110246 │ 0       │
│ 200       │ 0  │ 135518 │ 0       │
│ 201       │ 0  │ 109434 │ 0       │
│ 202       │ 0  │ 141402 │ 0       │
│ 203       │ 0  │ 172212 │ 0       │
│ 204       │ 0  │ 132278 │ 0       │
│ 205       │ 0  │ 172619 │ 0       │
│ 206       │ 0  │ 212986 │ 0       │
│ 207       │ 0  │ 91183  │ 0       │
│ 208       │ 0  │ 115187 │ 0       │
│ 209       │ 0  │ 140864 │ 0       │
│ 210       │ 0  │ 115995 │ 0       │
│ 211       │ 0  │ 147828 │ 0       │
│ 212       │ 0  │ 180774 │ 0       │
│ 213       │ 0  │ 140864 │ 0       │
│ 214       │ 0  │ 179156 │ 0       │
│ 215       │ 0  │ 220897 │ 0       │
│ 216       │ 0  │ 85837  │ 0       │
│ 217       │ 0  │ 110246 │ 0       │
│ 218       │ 0  │ 135518 │ 0       │
│ 219       │ 0  │ 109434 │ 0       │
│ 220       │ 0  │ 141402 │ 0       │
│ 221       │ 0  │ 172212 │ 0       │
│ 222       │ 0  │ 132278 │ 0       │
│ 223       │ 0  │ 172619 │ 0       │
│ 224       │ 0  │ 212986 │ 0       │
│ 225       │ 0  │ 91183  │ 0       │
│ 226       │ 0  │ 115187 │ 0       │
│ 227       │ 0  │ 140864 │ 0       │
│ 228       │ 0  │ 115995 │ 0       │
│ 229       │ 0  │ 147828 │ 0       │
│ 230       │ 0  │ 180774 │ 0       │
│ 231       │ 0  │ 140864 │ 0       │
│ 232       │ 0  │ 179156 │ 0       │
│ 233       │ 0  │ 220897 │ 0       │
│ 234       │ 0  │ 96987  │ 0       │
│ 235       │ 0  │ 120128 │ 0       │
│ 236       │ 0  │ 146210 │ 0       │
│ 237       │ 0  │ 122961 │ 0       │
│ 238       │ 0  │ 154254 │ 0       │
│ 239       │ 0  │ 186146 │ 0       │
│ 240       │ 0  │ 149043 │ 0       │
│ 241       │ 0  │ 188443 │ 0       │
│ 242       │ 0  │ 228808 │ 0       │
│ 243       │ 0  │ 70339  │ 0       │
│ 244       │ 0  │ 94316  │ 0       │
│ 245       │ 0  │ 116510 │ 0       │
│ 246       │ 0  │ 99959  │ 0       │
│ 247       │ 0  │ 135113 │ 0       │
│ 248       │ 0  │ 170620 │ 0       │
│ 249       │ 0  │ 110300 │ 0       │
│ 250       │ 0  │ 146833 │ 0       │
│ 251       │ 0  │ 189496 │ 0       │
│ 252       │ 0  │ 75361  │ 0       │
│ 253       │ 0  │ 98960  │ 0       │
│ 254       │ 0  │ 121532 │ 0       │
│ 255       │ 0  │ 105791 │ 0       │
│ 256       │ 0  │ 141269 │ 0       │
│ 257       │ 0  │ 176776 │ 0       │
│ 258       │ 0  │ 118562 │ 0       │
│ 259       │ 0  │ 155095 │ 0       │
│ 260       │ 0  │ 191737 │ 0       │
│ 261       │ 0  │ 80383  │ 0       │
│ 262       │ 0  │ 103604 │ 0       │
│ 263       │ 0  │ 126554 │ 0       │
│ 264       │ 0  │ 112487 │ 0       │
│ 265       │ 0  │ 147425 │ 0       │
│ 266       │ 0  │ 180125 │ 0       │
│ 267       │ 0  │ 126824 │ 0       │
│ 268       │ 0  │ 165977 │ 0       │
│ 269       │ 0  │ 204724 │ 0       │
│ 270       │ 0  │ 75361  │ 0       │
│ 271       │ 0  │ 98960  │ 0       │
│ 272       │ 0  │ 121532 │ 0       │
│ 273       │ 0  │ 105791 │ 0       │
│ 0         │ 1  │ 41811  │ 0       │
│ 1         │ 1  │ 44745  │ 0       │
│ 2         │ 1  │ 48115  │ 0       │
│ 3         │ 1  │ 44859  │ 0       │
│ 4         │ 1  │ 49258  │ 0       │
│ 5         │ 1  │ 53950  │ 0       │
│ 6         │ 1  │ 48115  │ 0       │
│ 7         │ 1  │ 53878  │ 0       │
│ 8         │ 1  │ 60230  │ 0       │
│ 9         │ 1  │ 42075  │ 0       │
│ 10        │ 1  │ 45234  │ 0       │
│ 11        │ 1  │ 48394  │ 0       │
│ 12        │ 1  │ 45423  │ 0       │
│ 13        │ 1  │ 49849  │ 0       │
│ 14        │ 1  │ 54520  │ 0       │
│ 15        │ 1  │ 48772  │ 0       │
│ 16        │ 1  │ 54658  │ 0       │
│ 17        │ 1  │ 60852  │ 0       │
│ 18        │ 1  │ 42372  │ 0       │
│ 19        │ 1  │ 45583  │ 0       │
│ 20        │ 1  │ 48880  │ 0       │
│ 21        │ 1  │ 45853  │ 0       │
│ 22        │ 1  │ 50362  │ 0       │
│ 23        │ 1  │ 55033  │ 0       │
│ 24        │ 1  │ 49393  │ 0       │
│ 25        │ 1  │ 55306  │ 0       │
│ 26        │ 1  │ 61606  │ 0       │
│ 27        │ 1  │ 41916  │ 0       │
│ 28        │ 1  │ 45042  │ 0       │
│ 29        │ 1  │ 48337  │ 0       │
│ 30        │ 1  │ 45264  │ 0       │
│ 31        │ 1  │ 49819  │ 0       │
│ 32        │ 1  │ 54523  │ 0       │
│ 33        │ 1  │ 48802  │ 0       │
│ 34        │ 1  │ 54553  │ 0       │
│ 35        │ 1  │ 60903  │ 0       │
│ 36        │ 1  │ 42318  │ 0       │
│ 37        │ 1  │ 45583  │ 0       │
│ 38        │ 1  │ 48853  │ 0       │
│ 39        │ 1  │ 45826  │ 0       │
│ 40        │ 1  │ 50281  │ 0       │
│ 41        │ 1  │ 55006  │ 0       │
│ 42        │ 1  │ 49366  │ 0       │
│ 43        │ 1  │ 55225  │ 0       │
│ 44        │ 1  │ 61552  │ 0       │
│ 45        │ 1  │ 42723  │ 0       │
│ 46        │ 1  │ 46006  │ 0       │
│ 47        │ 1  │ 49204  │ 0       │
│ 48        │ 1  │ 46359  │ 0       │
│ 49        │ 1  │ 50980  │ 0       │
│ 50        │ 1  │ 55604  │ 0       │
│ 51        │ 1  │ 50199  │ 0       │
│ 52        │ 1  │ 55958  │ 0       │
│ 53        │ 1  │ 62173  │ 0       │
│ 54        │ 1  │ 42375  │ 0       │
│ 55        │ 1  │ 45478  │ 0       │
│ 56        │ 1  │ 48910  │ 0       │
│ 57        │ 1  │ 45688  │ 0       │
│ 58        │ 1  │ 50332  │ 0       │
│ 59        │ 1  │ 55036  │ 0       │
│ 60        │ 1  │ 49255  │ 0       │
│ 61        │ 1  │ 55201  │ 0       │
│ 62        │ 1  │ 61420  │ 0       │
│ 63        │ 1  │ 42723  │ 0       │
│ 64        │ 1  │ 46006  │ 0       │
│ 65        │ 1  │ 49204  │ 0       │
│ 66        │ 1  │ 46359  │ 0       │
│ 67        │ 1  │ 50980  │ 0       │
│ 68        │ 1  │ 55604  │ 0       │
│ 69        │ 1  │ 50199  │ 0       │
│ 70        │ 1  │ 55958  │ 0       │
│ 71        │ 1  │ 62173  │ 0       │
│ 72        │ 1  │ 43101  │ 0       │
│ 73        │ 1  │ 46384  │ 0       │
│ 74        │ 1  │ 49582  │ 0       │
│ 75        │ 1  │ 46872  │ 0       │
│ 76        │ 1  │ 51388  │ 0       │
│ 77        │ 1  │ 56090  │ 0       │
│ 78        │ 1  │ 50820  │ 0       │
│ 79        │ 1  │ 56552  │ 0       │
│ 80        │ 1  │ 62713  │ 0       │
│ 81        │ 1  │ 41994  │ 0       │
│ 82        │ 1  │ 45369  │ 0       │
│ 83        │ 1  │ 48772  │ 0       │
│ 84        │ 1  │ 45207  │ 0       │
│ 85        │ 1  │ 49876  │ 0       │
│ 86        │ 1  │ 54655  │ 0       │
│ 87        │ 1  │ 48661  │ 0       │
│ 88        │ 1  │ 54523  │ 0       │
│ 89        │ 1  │ 60852  │ 0       │
│ 90        │ 1  │ 42469  │ 0       │
│ 91        │ 1  │ 45653  │ 0       │
│ 92        │ 1  │ 49146  │ 0       │
│ 93        │ 1  │ 45743  │ 0       │
│ 94        │ 1  │ 50549  │ 0       │
│ 95        │ 1  │ 55193  │ 0       │
│ 96        │ 1  │ 49146  │ 0       │
│ 97        │ 1  │ 55329  │ 0       │
│ 98        │ 1  │ 61739  │ 0       │
│ 99        │ 1  │ 42939  │ 0       │
│ 100       │ 1  │ 46323  │ 0       │
│ 101       │ 1  │ 49717  │ 0       │
│ 102       │ 1  │ 46629  │ 0       │
│ 103       │ 1  │ 51030  │ 0       │
│ 104       │ 1  │ 55791  │ 0       │
│ 105       │ 1  │ 49987  │ 0       │
│ 106       │ 1  │ 56062  │ 0       │
│ 107       │ 1  │ 62223  │ 0       │
│ 108       │ 1  │ 42345  │ 0       │
│ 109       │ 1  │ 45745  │ 0       │
│ 110       │ 1  │ 49123  │ 0       │
│ 111       │ 1  │ 45718  │ 0       │
│ 112       │ 1  │ 50308  │ 0       │
│ 113       │ 1  │ 55168  │ 0       │
│ 114       │ 1  │ 49150  │ 0       │
│ 115       │ 1  │ 55117  │ 0       │
│ 116       │ 1  │ 61579  │ 0       │
│ 117       │ 1  │ 42915  │ 0       │
│ 118       │ 1  │ 46200  │ 0       │
│ 119       │ 1  │ 49666  │ 0       │
│ 120       │ 1  │ 46275  │ 0       │
│ 121       │ 1  │ 51027  │ 0       │
│ 122       │ 1  │ 55850  │ 0       │
│ 123       │ 1  │ 49936  │ 0       │
│ 124       │ 1  │ 55880  │ 0       │
│ 125       │ 1  │ 62392  │ 0       │
│ 126       │ 1  │ 43311  │ 0       │
│ 127       │ 1  │ 46755  │ 0       │
│ 128       │ 1  │ 50271  │ 0       │
│ 129       │ 1  │ 46704  │ 0       │
│ 130       │ 1  │ 51677  │ 0       │
│ 131       │ 1  │ 56390  │ 0       │
│ 132       │ 1  │ 50811  │ 0       │
│ 133       │ 1  │ 56528  │ 0       │
│ 134       │ 1  │ 62959  │ 0       │
│ 135       │ 1  │ 42777  │ 0       │
│ 136       │ 1  │ 46221  │ 0       │
│ 137       │ 1  │ 49528  │ 0       │
│ 138       │ 1  │ 46443  │ 0       │
│ 139       │ 1  │ 51060  │ 0       │
│ 140       │ 1  │ 55793  │ 0       │
│ 141       │ 1  │ 49798  │ 0       │
│ 142       │ 1  │ 55877  │ 0       │
│ 143       │ 1  │ 62227  │ 0       │
│ 144       │ 1  │ 43320  │ 0       │
│ 145       │ 1  │ 46605  │ 0       │
│ 146       │ 1  │ 49977  │ 0       │
│ 147       │ 1  │ 46986  │ 0       │
│ 148       │ 1  │ 51412  │ 0       │
│ 149       │ 1  │ 56390  │ 0       │
│ 150       │ 1  │ 50544  │ 0       │
│ 151       │ 1  │ 56528  │ 0       │
│ 152       │ 1  │ 62959  │ 0       │
│ 153       │ 1  │ 43770  │ 0       │
│ 154       │ 1  │ 47160  │ 0       │
│ 155       │ 1  │ 50676  │ 0       │
│ 156       │ 1  │ 47198  │ 0       │
│ 157       │ 1  │ 51922  │ 0       │
│ 158       │ 1  │ 57177  │ 0       │
│ 159       │ 1  │ 51032  │ 0       │
│ 160       │ 1  │ 57476  │ 0       │
│ 161       │ 1  │ 63634  │ 0       │
│ 162       │ 1  │ 42372  │ 0       │
│ 163       │ 1  │ 45853  │ 0       │
│ 164       │ 1  │ 49393  │ 0       │
│ 165       │ 1  │ 45610  │ 0       │
│ 166       │ 1  │ 50362  │ 0       │
│ 167       │ 1  │ 55303  │ 0       │
│ 168       │ 1  │ 48880  │ 0       │
│ 169       │ 1  │ 55036  │ 0       │
│ 170       │ 1  │ 61606  │ 0       │
│ 171       │ 1  │ 42827  │ 0       │
│ 172       │ 1  │ 46413  │ 0       │
│ 173       │ 1  │ 49911  │ 0       │
│ 174       │ 1  │ 46269  │ 0       │
│ 175       │ 1  │ 51102  │ 0       │
│ 176       │ 1  │ 55926  │ 0       │
│ 177       │ 1  │ 49551  │ 0       │
│ 178       │ 1  │ 55927  │ 0       │
│ 179       │ 1  │ 62223  │ 0       │
│ 180       │ 1  │ 43173  │ 0       │
│ 181       │ 1  │ 47106  │ 0       │
│ 182       │ 1  │ 50602  │ 0       │
│ 183       │ 1  │ 47115  │ 0       │
│ 184       │ 1  │ 51307  │ 0       │
│ 185       │ 1  │ 56493  │ 0       │
│ 186       │ 1  │ 50602  │ 0       │
│ 187       │ 1  │ 56629  │ 0       │
│ 188       │ 1  │ 62817  │ 0       │
│ 189       │ 1  │ 42777  │ 0       │
│ 190       │ 1  │ 46356  │ 0       │
│ 191       │ 1  │ 49956  │ 0       │
│ 192       │ 1  │ 46308  │ 0       │
│ 193       │ 1  │ 51060  │ 0       │
│ 194       │ 1  │ 55928  │ 0       │
│ 195       │ 1  │ 49528  │ 0       │
│ 196       │ 1  │ 55742  │ 0       │
│ 197       │ 1  │ 62227  │ 0       │
│ 198       │ 1  │ 43347  │ 0       │
│ 199       │ 1  │ 46767  │ 0       │
│ 200       │ 1  │ 50301  │ 0       │
│ 201       │ 1  │ 46707  │ 0       │
│ 202       │ 1  │ 51439  │ 0       │
│ 203       │ 1  │ 56579  │ 0       │
│ 204       │ 1  │ 50274  │ 0       │
│ 205       │ 1  │ 56447  │ 0       │
│ 206       │ 1  │ 62986  │ 0       │
│ 207       │ 1  │ 43497  │ 0       │
│ 208       │ 1  │ 47302  │ 0       │
│ 209       │ 1  │ 50872  │ 0       │
│ 210       │ 1  │ 47244  │ 0       │
│ 211       │ 1  │ 52189  │ 0       │
│ 212       │ 1  │ 57291  │ 0       │
│ 213       │ 1  │ 51142  │ 0       │
│ 214       │ 1  │ 57395  │ 0       │
│ 215       │ 1  │ 63688  │ 0       │
│ 216       │ 1  │ 43209  │ 0       │
│ 217       │ 1  │ 46788  │ 0       │
│ 218       │ 1  │ 50361  │ 0       │
│ 219       │ 1  │ 46875  │ 0       │
│ 220       │ 1  │ 51496  │ 0       │
│ 221       │ 1  │ 56495  │ 0       │
│ 222       │ 1  │ 50388  │ 0       │
│ 223       │ 1  │ 56417  │ 0       │
│ 224       │ 1  │ 62821  │ 0       │
│ 225       │ 1  │ 43779  │ 0       │
│ 226       │ 1  │ 47098  │ 0       │
│ 227       │ 1  │ 50551  │ 0       │
│ 228       │ 1  │ 47445  │ 0       │
│ 229       │ 1  │ 52066  │ 0       │
│ 230       │ 1  │ 57291  │ 0       │
│ 231       │ 1  │ 50821  │ 0       │
│ 232       │ 1  │ 57395  │ 0       │
│ 233       │ 1  │ 63688  │ 0       │
│ 234       │ 1  │ 43849  │ 0       │
│ 235       │ 1  │ 47386  │ 0       │
│ 236       │ 1  │ 51250  │ 0       │
│ 237       │ 1  │ 47983  │ 0       │
│ 238       │ 1  │ 52756  │ 0       │
│ 239       │ 1  │ 57875  │ 0       │
│ 240       │ 1  │ 51571  │ 0       │
│ 241       │ 1  │ 57987  │ 0       │
│ 242       │ 1  │ 64390  │ 0       │
│ 243       │ 1  │ 41856  │ 0       │
│ 244       │ 1  │ 45177  │ 0       │
│ 245       │ 1  │ 48580  │ 0       │
│ 246       │ 1  │ 45069  │ 0       │
│ 247       │ 1  │ 49771  │ 0       │
│ 248       │ 1  │ 54517  │ 0       │
│ 249       │ 1  │ 48633  │ 0       │
│ 250       │ 1  │ 54418  │ 0       │
│ 251       │ 1  │ 60774  │ 0       │
│ 252       │ 1  │ 42372  │ 0       │
│ 253       │ 1  │ 45745  │ 0       │
│ 254       │ 1  │ 49096  │ 0       │
│ 255       │ 1  │ 45691  │ 0       │
│ 256       │ 1  │ 50308  │ 0       │
│ 257       │ 1  │ 55168  │ 0       │
│ 258       │ 1  │ 49096  │ 0       │
│ 259       │ 1  │ 55117  │ 0       │
│ 260       │ 1  │ 61498  │ 0       │
│ 261       │ 1  │ 42750  │ 0       │
│ 262       │ 1  │ 46195  │ 0       │
│ 263       │ 1  │ 49501  │ 0       │
│ 264       │ 1  │ 46276  │ 0       │
│ 265       │ 1  │ 51034  │ 0       │
│ 266       │ 1  │ 55766  │ 0       │
│ 267       │ 1  │ 49771  │ 0       │
│ 268       │ 1  │ 55877  │ 0       │
│ 269       │ 1  │ 62227  │ 0       │
│ 270       │ 1  │ 42347  │ 0       │
│ 271       │ 1  │ 45612  │ 0       │
│ 272       │ 1  │ 48957  │ 0       │
│ 273       │ 1  │ 45552  │ 0       │
│ 0         │ 2  │ 12675  │ 0       │
│ 1         │ 2  │ 15916  │ 0       │
│ 2         │ 2  │ 19142  │ 0       │
│ 3         │ 2  │ 15916  │ 0       │
│ 4         │ 2  │ 20502  │ 0       │
│ 5         │ 2  │ 25109  │ 0       │
│ 6         │ 2  │ 19142  │ 0       │
│ 7         │ 2  │ 25099  │ 0       │
│ 8         │ 2  │ 31047  │ 0       │
│ 9         │ 2  │ 13053  │ 0       │
│ 10        │ 2  │ 16288  │ 0       │
│ 11        │ 2  │ 19520  │ 0       │
│ 12        │ 2  │ 16423  │ 0       │
│ 13        │ 2  │ 21015  │ 0       │
│ 14        │ 2  │ 25621  │ 0       │
│ 15        │ 2  │ 19806  │ 0       │
│ 16        │ 2  │ 25730  │ 0       │
│ 17        │ 2  │ 31687  │ 0       │
│ 18        │ 2  │ 13431  │ 0       │
│ 19        │ 2  │ 16684  │ 0       │
│ 20        │ 2  │ 19914  │ 0       │
│ 21        │ 2  │ 16954  │ 0       │
│ 22        │ 2  │ 21528  │ 0       │
│ 23        │ 2  │ 26134  │ 0       │
│ 24        │ 2  │ 20454  │ 0       │
│ 25        │ 2  │ 26378  │ 0       │
│ 26        │ 2  │ 32323  │ 0       │
│ 27        │ 2  │ 13035  │ 0       │
│ 28        │ 2  │ 16298  │ 0       │
│ 29        │ 2  │ 19520  │ 0       │
│ 30        │ 2  │ 16433  │ 0       │
│ 31        │ 2  │ 21031  │ 0       │
│ 32        │ 2  │ 25621  │ 0       │
│ 33        │ 2  │ 19806  │ 0       │
│ 34        │ 2  │ 25730  │ 0       │
│ 35        │ 2  │ 31687  │ 0       │
│ 36        │ 2  │ 13431  │ 0       │
│ 37        │ 2  │ 16684  │ 0       │
│ 38        │ 2  │ 19914  │ 0       │
│ 39        │ 2  │ 16954  │ 0       │
│ 40        │ 2  │ 21528  │ 0       │
│ 41        │ 2  │ 26134  │ 0       │
│ 42        │ 2  │ 20454  │ 0       │
│ 43        │ 2  │ 26378  │ 0       │
│ 44        │ 2  │ 32323  │ 0       │
│ 45        │ 2  │ 13810  │ 0       │
│ 46        │ 2  │ 17062  │ 0       │
│ 47        │ 2  │ 20292  │ 0       │
│ 48        │ 2  │ 17441  │ 0       │
│ 49        │ 2  │ 22041  │ 0       │
│ 50        │ 2  │ 26647  │ 0       │
│ 51        │ 2  │ 21102  │ 0       │
│ 52        │ 2  │ 27026  │ 0       │
│ 53        │ 2  │ 32980  │ 0       │
│ 54        │ 2  │ 13413  │ 0       │
│ 55        │ 2  │ 16668  │ 0       │
│ 56        │ 2  │ 19914  │ 0       │
│ 57        │ 2  │ 16938  │ 0       │
│ 58        │ 2  │ 21544  │ 0       │
│ 59        │ 2  │ 26134  │ 0       │
│ 60        │ 2  │ 20438  │ 0       │
│ 61        │ 2  │ 26378  │ 0       │
│ 62        │ 2  │ 32323  │ 0       │
│ 63        │ 2  │ 13810  │ 0       │
│ 64        │ 2  │ 17062  │ 0       │
│ 65        │ 2  │ 20292  │ 0       │
│ 66        │ 2  │ 17441  │ 0       │
│ 67        │ 2  │ 22041  │ 0       │
│ 68        │ 2  │ 26647  │ 0       │
│ 69        │ 2  │ 21102  │ 0       │
│ 70        │ 2  │ 27026  │ 0       │
│ 71        │ 2  │ 32980  │ 0       │
│ 72        │ 2  │ 14188  │ 0       │
│ 73        │ 2  │ 17440  │ 0       │
│ 74        │ 2  │ 20670  │ 0       │
│ 75        │ 2  │ 17954  │ 0       │
│ 76        │ 2  │ 22571  │ 0       │
│ 77        │ 2  │ 27160  │ 0       │
│ 78        │ 2  │ 21750  │ 0       │
│ 79        │ 2  │ 27674  │ 0       │
│ 80        │ 2  │ 33640  │ 0       │
│ 81        │ 2  │ 13053  │ 0       │
│ 82        │ 2  │ 16423  │ 0       │
│ 83        │ 2  │ 19806  │ 0       │
│ 84        │ 2  │ 16288  │ 0       │
│ 85        │ 2  │ 21015  │ 0       │
│ 86        │ 2  │ 25756  │ 0       │
│ 87        │ 2  │ 19536  │ 0       │
│ 88        │ 2  │ 25595  │ 0       │
│ 89        │ 2  │ 31687  │ 0       │
│ 90        │ 2  │ 13440  │ 0       │
│ 91        │ 2  │ 16830  │ 0       │
│ 92        │ 2  │ 20195  │ 0       │
│ 93        │ 2  │ 16830  │ 0       │
│ 94        │ 2  │ 21571  │ 0       │
│ 95        │ 2  │ 26280  │ 0       │
│ 96        │ 2  │ 20195  │ 0       │
│ 97        │ 2  │ 26286  │ 0       │
│ 98        │ 2  │ 32362  │ 0       │
│ 99        │ 2  │ 13854  │ 0       │
│ 100       │ 2  │ 17235  │ 0       │
│ 101       │ 2  │ 20600  │ 0       │
│ 102       │ 2  │ 17370  │ 0       │
│ 103       │ 2  │ 22111  │ 0       │
│ 104       │ 2  │ 26820  │ 0       │
│ 105       │ 2  │ 20870  │ 0       │
│ 106       │ 2  │ 26961  │ 0       │
│ 107       │ 2  │ 33046  │ 0       │
│ 108       │ 2  │ 13458  │ 0       │
│ 109       │ 2  │ 16846  │ 0       │
│ 110       │ 2  │ 20211  │ 0       │
│ 111       │ 2  │ 16846  │ 0       │
│ 112       │ 2  │ 21555  │ 0       │
│ 113       │ 2  │ 26296  │ 0       │
│ 114       │ 2  │ 20211  │ 0       │
│ 115       │ 2  │ 26270  │ 0       │
│ 116       │ 2  │ 32350  │ 0       │
│ 117       │ 2  │ 13864  │ 0       │
│ 118       │ 2  │ 17235  │ 0       │
│ 119       │ 2  │ 20616  │ 0       │
│ 120       │ 2  │ 17370  │ 0       │
│ 121       │ 2  │ 22111  │ 0       │
│ 122       │ 2  │ 26836  │ 0       │
│ 123       │ 2  │ 20886  │ 0       │
│ 124       │ 2  │ 26945  │ 0       │
│ 125       │ 2  │ 33034  │ 0       │
│ 126       │ 2  │ 14259  │ 0       │
│ 127       │ 2  │ 17640  │ 0       │
│ 128       │ 2  │ 21005  │ 0       │
│ 129       │ 2  │ 17916  │ 0       │
│ 130       │ 2  │ 22635  │ 0       │
│ 131       │ 2  │ 27376  │ 0       │
│ 132       │ 2  │ 21545  │ 0       │
│ 133       │ 2  │ 27620  │ 0       │
│ 134       │ 2  │ 33721  │ 0       │
│ 135       │ 2  │ 13864  │ 0       │
│ 136       │ 2  │ 17251  │ 0       │
│ 137       │ 2  │ 20616  │ 0       │
│ 138       │ 2  │ 17386  │ 0       │
│ 139       │ 2  │ 22095  │ 0       │
│ 140       │ 2  │ 26836  │ 0       │
│ 141       │ 2  │ 20886  │ 0       │
│ 142       │ 2  │ 26945  │ 0       │
│ 143       │ 2  │ 33034  │ 0       │
│ 144       │ 2  │ 14269  │ 0       │
│ 145       │ 2  │ 17640  │ 0       │
│ 146       │ 2  │ 21005  │ 0       │
│ 147       │ 2  │ 17916  │ 0       │
│ 148       │ 2  │ 22652  │ 0       │
│ 149       │ 2  │ 27376  │ 0       │
│ 150       │ 2  │ 21545  │ 0       │
│ 151       │ 2  │ 27620  │ 0       │
│ 152       │ 2  │ 33721  │ 0       │
│ 153       │ 2  │ 14664  │ 0       │
│ 154       │ 2  │ 18045  │ 0       │
│ 155       │ 2  │ 21410  │ 0       │
│ 156       │ 2  │ 18456  │ 0       │
│ 157       │ 2  │ 23191  │ 0       │
│ 158       │ 2  │ 27919  │ 0       │
│ 159       │ 2  │ 22236  │ 0       │
│ 160       │ 2  │ 28310  │ 0       │
│ 161       │ 2  │ 34396  │ 0       │
│ 162       │ 2  │ 13431  │ 0       │
│ 163       │ 2  │ 16954  │ 0       │
│ 164       │ 2  │ 20454  │ 0       │
│ 165       │ 2  │ 16684  │ 0       │
│ 166       │ 2  │ 21528  │ 0       │
│ 167       │ 2  │ 26404  │ 0       │
│ 168       │ 2  │ 19914  │ 0       │
│ 169       │ 2  │ 26108  │ 0       │
│ 170       │ 2  │ 32323  │ 0       │
│ 171       │ 2  │ 13854  │ 0       │
│ 172       │ 2  │ 17386  │ 0       │
│ 173       │ 2  │ 20886  │ 0       │
│ 174       │ 2  │ 17251  │ 0       │
│ 175       │ 2  │ 22095  │ 0       │
│ 176       │ 2  │ 26955  │ 0       │
│ 177       │ 2  │ 20600  │ 0       │
│ 178       │ 2  │ 26826  │ 0       │
│ 179       │ 2  │ 33046  │ 0       │
│ 180       │ 2  │ 14296  │ 0       │
│ 181       │ 2  │ 17802  │ 0       │
│ 182       │ 2  │ 21302  │ 0       │
│ 183       │ 2  │ 17802  │ 0       │
│ 184       │ 2  │ 22678  │ 0       │
│ 185       │ 2  │ 27522  │ 0       │
│ 186       │ 2  │ 21302  │ 0       │
│ 187       │ 2  │ 27528  │ 0       │
│ 188       │ 2  │ 33736  │ 0       │
│ 189       │ 2  │ 13864  │ 0       │
│ 190       │ 2  │ 17386  │ 0       │
│ 191       │ 2  │ 20886  │ 0       │
│ 192       │ 2  │ 17251  │ 0       │
│ 193       │ 2  │ 22095  │ 0       │
│ 194       │ 2  │ 26971  │ 0       │
│ 195       │ 2  │ 20616  │ 0       │
│ 196       │ 2  │ 26810  │ 0       │
│ 197       │ 2  │ 33034  │ 0       │
│ 198       │ 2  │ 14296  │ 0       │
│ 199       │ 2  │ 17802  │ 0       │
│ 200       │ 2  │ 21302  │ 0       │
│ 201       │ 2  │ 17802  │ 0       │
│ 202       │ 2  │ 22679  │ 0       │
│ 203       │ 2  │ 27538  │ 0       │
│ 204       │ 2  │ 21302  │ 0       │
│ 205       │ 2  │ 27512  │ 0       │
│ 206       │ 2  │ 33748  │ 0       │
│ 207       │ 2  │ 14728  │ 0       │
│ 208       │ 2  │ 18234  │ 0       │
│ 209       │ 2  │ 21734  │ 0       │
│ 210       │ 2  │ 18375  │ 0       │
│ 211       │ 2  │ 23229  │ 0       │
│ 212       │ 2  │ 28103  │ 0       │
│ 213       │ 2  │ 22004  │ 0       │
│ 214       │ 2  │ 28229  │ 0       │
│ 215       │ 2  │ 34450  │ 0       │
│ 216       │ 2  │ 14296  │ 0       │
│ 217       │ 2  │ 17818  │ 0       │
│ 218       │ 2  │ 21318  │ 0       │
│ 219       │ 2  │ 17818  │ 0       │
│ 220       │ 2  │ 22679  │ 0       │
│ 221       │ 2  │ 27538  │ 0       │
│ 222       │ 2  │ 21318  │ 0       │
│ 223       │ 2  │ 27512  │ 0       │
│ 224       │ 2  │ 33748  │ 0       │
│ 225       │ 2  │ 14728  │ 0       │
│ 226       │ 2  │ 18234  │ 0       │
│ 227       │ 2  │ 21733  │ 0       │
│ 228       │ 2  │ 18375  │ 0       │
│ 229       │ 2  │ 23229  │ 0       │
│ 230       │ 2  │ 28103  │ 0       │
│ 231       │ 2  │ 22003  │ 0       │
│ 232       │ 2  │ 28229  │ 0       │
│ 233       │ 2  │ 34450  │ 0       │
│ 234       │ 2  │ 15156  │ 0       │
│ 235       │ 2  │ 18682  │ 0       │
│ 236       │ 2  │ 22166  │ 0       │
│ 237       │ 2  │ 18926  │ 0       │
│ 238       │ 2  │ 23796  │ 0       │
│ 239       │ 2  │ 28672  │ 0       │
│ 240       │ 2  │ 22722  │ 0       │
│ 241       │ 2  │ 28921  │ 0       │
│ 242       │ 2  │ 35152  │ 0       │
│ 243       │ 2  │ 13053  │ 0       │
│ 244       │ 2  │ 16433  │ 0       │
│ 245       │ 2  │ 19790  │ 0       │
│ 246       │ 2  │ 16288  │ 0       │
│ 247       │ 2  │ 21015  │ 0       │
│ 248       │ 2  │ 25740  │ 0       │
│ 249       │ 2  │ 19536  │ 0       │
│ 250       │ 2  │ 25595  │ 0       │
│ 251       │ 2  │ 31675  │ 0       │
│ 252       │ 2  │ 13440  │ 0       │
│ 253       │ 2  │ 16846  │ 0       │
│ 254       │ 2  │ 20195  │ 0       │
│ 255       │ 2  │ 16830  │ 0       │
│ 256       │ 2  │ 21555  │ 0       │
│ 257       │ 2  │ 26280  │ 0       │
│ 258       │ 2  │ 20195  │ 0       │
│ 259       │ 2  │ 26270  │ 0       │
│ 260       │ 2  │ 32362  │ 0       │
│ 261       │ 2  │ 13854  │ 0       │
│ 262       │ 2  │ 17251  │ 0       │
│ 263       │ 2  │ 20600  │ 0       │
│ 264       │ 2  │ 17370  │ 0       │
│ 265       │ 2  │ 22095  │ 0       │
│ 266       │ 2  │ 26820  │ 0       │
│ 267       │ 2  │ 20870  │ 0       │
│ 268       │ 2  │ 26945  │ 0       │
│ 269       │ 2  │ 33046  │ 0       │
│ 270       │ 2  │ 13440  │ 0       │
│ 271       │ 2  │ 16830  │ 0       │
│ 272       │ 2  │ 20195  │ 0       │
│ 273       │ 2  │ 16830  │ 0       │
└───────────┴────┴────────┴─────────┘
